Info: Nothing to build for HashTable
Info: Nothing to build for HashTable
08:57:26 **** Incremental Build of configuration Debug for project HashTable ****
Info: Configuration "Debug" uses tool-chain "MinGW GCC" that is unsupported on this system, attempting to build anyway.
Info: Internal Builder is used for build
gcc -O0 -g3 -Wall -c -fmessage-length=0 -o main.o ../main.c 
../main.c: In function ‘main’:
../main.c:115:6: warning: unused variable ‘a’ [-Wunused-variable]
  int a[N]={1,2,3,4,5,6,6,7,8,9};
      ^
gcc -o HashTable.exe main.o 
08:57:32 **** Incremental Build of configuration Debug for project HashTable ****
Info: Configuration "Debug" uses tool-chain "MinGW GCC" that is unsupported on this system, attempting to build anyway.
Info: Internal Builder is used for build
gcc -O0 -g3 -Wall -c -fmessage-length=0 -o main.o ../main.c 
../main.c: In function ‘main’:
../main.c:115:6: warning: unused variable ‘a’ [-Wunused-variable]
  int a[N]={1,2,3,4,5,6,6,7,8,9};
      ^
gcc -o HashTable.exe main.o 
